This is pdfTeX, Version 3.1415926-2.5-1.40.14 (TeX Live 2013) (format=pdflatex 2013.9.3)  16 APR 2014 23:20
entering extended mode
 \write18 enabled.
 %&-line parsing enabled.
**document.tex
(./document.tex
LaTeX2e <2011/06/27>
Babel <3.9f> and hyphenation patterns for 78 languages loaded.
(./bioinfo.cls
Document Class: bioinfo 2003/02/08 0.1
(/usr/local/texlive/2013/texmf-dist/tex/latex/base/inputenc.sty
Package: inputenc 2008/03/30 v1.1d Input encoding file
\inpenc@prehook=\toks14
\inpenc@posthook=\toks15
) (./crop.sty
Package: crop 2001/11/16 v1.6 cropmarks (mf)
\CROP@width=\dimen102
\CROP@height=\dimen103
\CROP@index=\count79

(/usr/local/texlive/2013/texmf-dist/tex/latex/graphics/graphics.sty
Package: graphics 2009/02/05 v1.0o Standard LaTeX Graphics (DPC,SPQR)

(/usr/local/texlive/2013/texmf-dist/tex/latex/graphics/trig.sty
Package: trig 1999/03/16 v1.09 sin cos tan (DPC)
)
(/usr/local/texlive/2013/texmf-dist/tex/latex/latexconfig/graphics.cfg
File: graphics.cfg 2010/04/23 v1.9 graphics configuration of TeX Live
)
Package graphics Info: Driver file: pdftex.def on input line 91.

(/usr/local/texlive/2013/texmf-dist/tex/latex/pdftex-def/pdftex.def
File: pdftex.def 2011/05/27 v0.06d Graphics/color for pdfTeX

(/usr/local/texlive/2013/texmf-dist/tex/generic/oberdiek/infwarerr.sty
Package: infwarerr 2010/04/08 v1.3 Providing info/warning/error messages (HO)
)
(/usr/local/texlive/2013/texmf-dist/tex/generic/oberdiek/ltxcmds.sty
Package: ltxcmds 2011/11/09 v1.22 LaTeX kernel commands for general use (HO)
)
\Gread@gobject=\count80
))
\CROP@offset=\count81
Package crop Info: Local config file crop.cfg used on input line 344.

(./crop.cfg))
Package crop Info: using pdf(la)tex graphics driver on input line 33.
 (./graphicx.sty
Package: graphicx 1999/02/16 v1.0f Enhanced LaTeX Graphics (DPC,SPQR)

(/usr/local/texlive/2013/texmf-dist/tex/latex/graphics/keyval.sty
Package: keyval 1999/03/16 v1.13 key=value parser (DPC)
\KV@toks@=\toks16
)
\Gin@req@height=\dimen104
\Gin@req@width=\dimen105
)
(/usr/local/texlive/2013/texmf-dist/tex/latex/amsmath/amsmath.sty
Package: amsmath 2013/01/14 v2.14 AMS math features
\@mathmargin=\skip41

For additional information on amsmath, use the `?' option.
(/usr/local/texlive/2013/texmf-dist/tex/latex/amsmath/amstext.sty
Package: amstext 2000/06/29 v2.01

(/usr/local/texlive/2013/texmf-dist/tex/latex/amsmath/amsgen.sty
File: amsgen.sty 1999/11/30 v2.0
\@emptytoks=\toks17
\ex@=\dimen106
))
(/usr/local/texlive/2013/texmf-dist/tex/latex/amsmath/amsbsy.sty
Package: amsbsy 1999/11/29 v1.2d
\pmbraise@=\dimen107
)
(/usr/local/texlive/2013/texmf-dist/tex/latex/amsmath/amsopn.sty
Package: amsopn 1999/12/14 v2.01 operator names
)
\inf@bad=\count82
LaTeX Info: Redefining \frac on input line 210.
\uproot@=\count83
\leftroot@=\count84
LaTeX Info: Redefining \overline on input line 306.
\classnum@=\count85
\DOTSCASE@=\count86
LaTeX Info: Redefining \ldots on input line 378.
LaTeX Info: Redefining \dots on input line 381.
LaTeX Info: Redefining \cdots on input line 466.
\Mathstrutbox@=\box26
\strutbox@=\box27
\big@size=\dimen108
LaTeX Font Info:    Redeclaring font encoding OML on input line 566.
LaTeX Font Info:    Redeclaring font encoding OMS on input line 567.
\macc@depth=\count87
\c@MaxMatrixCols=\count88
\dotsspace@=\muskip10
\c@parentequation=\count89
\dspbrk@lvl=\count90
\tag@help=\toks18
\row@=\count91
\column@=\count92
\maxfields@=\count93
\andhelp@=\toks19
\eqnshift@=\dimen109
\alignsep@=\dimen110
\tagshift@=\dimen111
\tagwidth@=\dimen112
\totwidth@=\dimen113
\lineht@=\dimen114
\@envbody=\toks20
\multlinegap=\skip42
\multlinetaggap=\skip43
\mathdisplay@stack=\toks21
LaTeX Info: Redefining \[ on input line 2665.
LaTeX Info: Redefining \] on input line 2666.
) (./array.sty
Package: array 1998/05/13 v2.3m Tabular extension package (FMi)
\col@sep=\dimen115
\extrarowheight=\dimen116
\NC@list=\toks22
\extratabsurround=\skip44
\backup@length=\skip45
) (./color.sty
Package: color 1999/02/16 v1.0i Standard LaTeX Color (DPC)

(/usr/local/texlive/2013/texmf-dist/tex/latex/latexconfig/color.cfg
File: color.cfg 2007/01/18 v1.5 color configuration of teTeX/TeXLive
)
Package color Info: Driver file: pdftex.def on input line 125.
)
(/usr/local/texlive/2013/texmf-dist/tex/latex/amsfonts/amssymb.sty
Package: amssymb 2013/01/14 v3.01 AMS font symbols

(/usr/local/texlive/2013/texmf-dist/tex/latex/amsfonts/amsfonts.sty
Package: amsfonts 2013/01/14 v3.01 Basic AMSFonts support
\symAMSa=\mathgroup4
\symAMSb=\mathgroup5
LaTeX Font Info:    Overwriting math alphabet `\mathfrak' in version `bold'
(Font)                  U/euf/m/n --> U/euf/b/n on input line 106.
))
(./flushend.sty
Package: flushend 1997/10/01
\@aaa=\box28
\@ccc=\box29
\@viper=\box30
\hold@viper=\box31
\atColsBreak=\toks23
\@extra@skip=\dimen117
\@nd@page@rule=\dimen118
) (./stfloats.sty
Package: stfloats 1999/10/22
\@dblbotnum=\count94
\c@dblbotnumber=\count95
)
(/usr/local/texlive/2013/texmf-dist/tex/latex/amscls/amsthm.sty
Package: amsthm 2004/08/06 v2.20
\thm@style=\toks24
\thm@bodyfont=\toks25
\thm@headfont=\toks26
\thm@notefont=\toks27
\thm@headpunct=\toks28
\thm@preskip=\skip46
\thm@postskip=\skip47
\thm@headsep=\skip48
\dth@everypar=\toks29
)
(./chngpage.sty
Package: chngpage 2001/01/31 v1.1b change page layout
\c@cp@cnt=\count96
\c@cp@tempcnt=\count97
) (./times.sty
Package: times 2000/01/12 PSNFSS-v8.1 Times font as default roman (SPQR) 
)
\c@section=\count98
\c@subsection=\count99
\c@subsubsection=\count100
\c@paragraph=\count101
\c@subparagraph=\count102
\c@figure=\count103
\c@table=\count104
\dropfromtop=\skip49
\extraspace=\skip50
\aboveskipchk=\skip51
\abovecaptionskip=\skip52
\belowcaptionskip=\skip53
\rotdimen=\dimen119
\tempdime=\dimen120
\temptbox=\box32
 (./natbib.sty
Package: natbib 2000/07/24 7.0a (PWD)
\bibhang=\skip54
\bibsep=\skip55
LaTeX Info: Redefining \cite on input line 508.
\c@NAT@ctr=\count105
))
(/usr/local/texlive/2013/texmf-dist/tex/latex/caption/subcaption.sty
Package: subcaption 2013/02/03 v1.1-62 Sub-captions (AR)

(/usr/local/texlive/2013/texmf-dist/tex/latex/caption/caption.sty
Package: caption 2013/05/02 v3.3-89 Customizing captions (AR)

(/usr/local/texlive/2013/texmf-dist/tex/latex/caption/caption3.sty
Package: caption3 2013/05/02 v1.6-88 caption3 kernel (AR)
Package caption3 Info: TeX engine: e-TeX on input line 57.
\captionmargin=\dimen121
\captionmargin@=\dimen122
\captionwidth=\dimen123
\caption@tempdima=\dimen124
\caption@indent=\dimen125
\caption@parindent=\dimen126
\caption@hangindent=\dimen127
Package caption Info: Unknown document class (or package),
(caption)             standard defaults will be used.
)

Package caption Warning: Unsupported document class (or package) detected,
(caption)                usage of the caption package is not recommended.
See the caption package documentation for explanation.

Package caption Info: \@makecaption = \long macro:#1#2->\vspace {\abovecaptions
kip }\begingroup \footnotesize \textbf {#1.}\enskip {#2}\par \endgroup .
\c@ContinuedFloat=\count106
)
\c@subfigure=\count107
\c@subtable=\count108
) (./document.aux)
\openout1 = `document.aux'.

LaTeX Font Info:    Checking defaults for OML/cmm/m/it on input line 8.
LaTeX Font Info:    ... okay on input line 8.
LaTeX Font Info:    Checking defaults for T1/cmr/m/n on input line 8.
LaTeX Font Info:    ... okay on input line 8.
LaTeX Font Info:    Checking defaults for OT1/cmr/m/n on input line 8.
LaTeX Font Info:    ... okay on input line 8.
LaTeX Font Info:    Checking defaults for OMS/cmsy/m/n on input line 8.
LaTeX Font Info:    ... okay on input line 8.
LaTeX Font Info:    Checking defaults for OMX/cmex/m/n on input line 8.
LaTeX Font Info:    ... okay on input line 8.
LaTeX Font Info:    Checking defaults for U/cmr/m/n on input line 8.
LaTeX Font Info:    ... okay on input line 8.
LaTeX Font Info:    Try loading font information for OT1+ptm on input line 8.

(/usr/local/texlive/2013/texmf-dist/tex/latex/psnfss/ot1ptm.fd
File: ot1ptm.fd 2001/06/04 font definitions for OT1/ptm.
)
(/usr/local/texlive/2013/texmf-dist/tex/context/base/supp-pdf.mkii
[Loading MPS to PDF converter (version 2006.09.02).]
\scratchcounter=\count109
\scratchdimen=\dimen128
\scratchbox=\box33
\nofMPsegments=\count110
\nofMParguments=\count111
\everyMPshowfont=\toks30
\MPscratchCnt=\count112
\MPscratchDim=\dimen129
\MPnumerator=\count113
\makeMPintoPDFobject=\count114
\everyMPtoPDFconversion=\toks31
) (/usr/local/texlive/2013/texmf-dist/tex/generic/oberdiek/pdftexcmds.sty
Package: pdftexcmds 2011/11/29 v0.20 Utility functions of pdfTeX for LuaTeX (HO
)

(/usr/local/texlive/2013/texmf-dist/tex/generic/oberdiek/ifluatex.sty
Package: ifluatex 2010/03/01 v1.3 Provides the ifluatex switch (HO)
Package ifluatex Info: LuaTeX not detected.
)
(/usr/local/texlive/2013/texmf-dist/tex/generic/oberdiek/ifpdf.sty
Package: ifpdf 2011/01/30 v2.3 Provides the ifpdf switch (HO)
Package ifpdf Info: pdfTeX in PDF mode is detected.
)
Package pdftexcmds Info: LuaTeX not detected.
Package pdftexcmds Info: \pdf@primitive is available.
Package pdftexcmds Info: \pdf@ifprimitive is available.
Package pdftexcmds Info: \pdfdraftmode found.
)
(/usr/local/texlive/2013/texmf-dist/tex/latex/oberdiek/epstopdf-base.sty
Package: epstopdf-base 2010/02/09 v2.5 Base part for package epstopdf

(/usr/local/texlive/2013/texmf-dist/tex/latex/oberdiek/grfext.sty
Package: grfext 2010/08/19 v1.1 Manage graphics extensions (HO)

(/usr/local/texlive/2013/texmf-dist/tex/generic/oberdiek/kvdefinekeys.sty
Package: kvdefinekeys 2011/04/07 v1.3 Define keys (HO)
))
(/usr/local/texlive/2013/texmf-dist/tex/latex/oberdiek/kvoptions.sty
Package: kvoptions 2011/06/30 v3.11 Key value format for package options (HO)

(/usr/local/texlive/2013/texmf-dist/tex/generic/oberdiek/kvsetkeys.sty
Package: kvsetkeys 2012/04/25 v1.16 Key value parser (HO)

(/usr/local/texlive/2013/texmf-dist/tex/generic/oberdiek/etexcmds.sty
Package: etexcmds 2011/02/16 v1.5 Avoid name clashes with e-TeX commands (HO)
Package etexcmds Info: Could not find \expanded.
(etexcmds)             That can mean that you are not using pdfTeX 1.50 or
(etexcmds)             that some package has redefined \expanded.
(etexcmds)             In the latter case, load this package earlier.
)))
Package grfext Info: Graphics extension search list:
(grfext)             [.png,.pdf,.jpg,.mps,.jpeg,.jbig2,.jb2,.PNG,.PDF,.JPG,.JPE
G,.JBIG2,.JB2,.eps]
(grfext)             \AppendGraphicsExtensions on input line 452.

(/usr/local/texlive/2013/texmf-dist/tex/latex/latexconfig/epstopdf-sys.cfg
File: epstopdf-sys.cfg 2010/07/13 v1.3 Configuration of (r)epstopdf for TeX Liv
e
))
Package caption Info: Begin \AtBeginDocument code.
Package caption Info: End \AtBeginDocument code.
LaTeX Font Info:    Try loading font information for OT1+phv on input line 24.

(/usr/local/texlive/2013/texmf-dist/tex/latex/psnfss/ot1phv.fd
File: ot1phv.fd 2001/06/04 scalable font definitions for OT1/phv.
)
LaTeX Font Info:    Font shape `OT1/phv/m/it' in size <9> not available
(Font)              Font shape `OT1/phv/m/sl' tried instead on input line 24.
LaTeX Font Info:    Font shape `OT1/phv/bx/it' in size <9> not available
(Font)              Font shape `OT1/phv/b/it' tried instead on input line 24.
LaTeX Font Info:    Font shape `OT1/phv/b/it' in size <9> not available
(Font)              Font shape `OT1/phv/b/sl' tried instead on input line 24.
LaTeX Font Info:    Font shape `OT1/phv/bx/it' in size <19> not available
(Font)              Font shape `OT1/phv/b/it' tried instead on input line 24.
LaTeX Font Info:    Font shape `OT1/phv/b/it' in size <19> not available
(Font)              Font shape `OT1/phv/b/sl' tried instead on input line 24.
LaTeX Font Info:    Font shape `OT1/phv/m/it' in size <8> not available
(Font)              Font shape `OT1/phv/m/sl' tried instead on input line 24.
LaTeX Font Info:    Font shape `OT1/phv/bx/n' in size <9> not available
(Font)              Font shape `OT1/phv/b/n' tried instead on input line 24.
LaTeX Font Info:    Font shape `OT1/phv/bx/n' in size <16> not available
(Font)              Font shape `OT1/phv/b/n' tried instead on input line 24.
LaTeX Font Info:    Calculating math sizes for size <13> on input line 24.


LaTeX Font Warning: Font shape `OT1/cmr/m/n' in size <13> not available
(Font)              size <12> substituted on input line 24.


LaTeX Font Warning: Font shape `OT1/cmr/m/n' in size <6.5> not available
(Font)              size <6> substituted on input line 24.


LaTeX Font Warning: Font shape `OML/cmm/m/it' in size <13> not available
(Font)              size <12> substituted on input line 24.


LaTeX Font Warning: Font shape `OML/cmm/m/it' in size <6.5> not available
(Font)              size <6> substituted on input line 24.


LaTeX Font Warning: Font shape `OMS/cmsy/m/n' in size <13> not available
(Font)              size <12> substituted on input line 24.


LaTeX Font Warning: Font shape `OMS/cmsy/m/n' in size <6.5> not available
(Font)              size <6> substituted on input line 24.

LaTeX Font Info:    Try loading font information for U+msa on input line 24.
(/usr/local/texlive/2013/texmf-dist/tex/latex/amsfonts/umsa.fd
File: umsa.fd 2013/01/14 v3.01 AMS symbols A
)
LaTeX Font Info:    Try loading font information for U+msb on input line 24.

(/usr/local/texlive/2013/texmf-dist/tex/latex/amsfonts/umsb.fd
File: umsb.fd 2013/01/14 v3.01 AMS symbols B
)
LaTeX Font Info:    Calculating math sizes for size <9.09996> on input line 24.



LaTeX Font Warning: Font shape `OT1/cmr/m/n' in size <4.54997> not available
(Font)              size <5> substituted on input line 24.


LaTeX Font Warning: Font shape `OML/cmm/m/it' in size <4.54997> not available
(Font)              size <5> substituted on input line 24.


LaTeX Font Warning: Font shape `OMS/cmsy/m/n' in size <4.54997> not available
(Font)              size <5> substituted on input line 24.


LaTeX Font Warning: Font shape `OT1/cmr/m/n' in size <7.5> not available
(Font)              size <7> substituted on input line 24.


LaTeX Font Warning: Font shape `OML/cmm/m/it' in size <7.5> not available
(Font)              size <7> substituted on input line 24.


LaTeX Font Warning: Font shape `OMS/cmsy/m/n' in size <7.5> not available
(Font)              size <7> substituted on input line 24.


Underfull \hbox (badness 10000) detected at line 24
[]
 []

LaTeX Font Info:    Font shape `OT1/phv/bx/n' in size <8> not available
(Font)              Font shape `OT1/phv/b/n' tried instead on input line 30.
LaTeX Font Info:    Font shape `OT1/phv/bx/n' in size <10> not available
(Font)              Font shape `OT1/phv/b/n' tried instead on input line 43.

Underfull \hbox (badness 1087) in paragraph at lines 45--46
\OT1/ptm/m/n/9 Since its inception, massively parallel DNA sequencing, also
 []


Underfull \hbox (badness 7925) in paragraph at lines 45--46
\OT1/ptm/m/n/9 biology into a data-intensive discipline requiring a high-
 []


Underfull \hbox (badness 1062) in paragraph at lines 52--54
[]\OT1/ptm/m/n/9 The most common approach to accelerate NGS tools is to
 []


Underfull \hbox (badness 2293) in paragraph at lines 52--54
\OT1/ptm/m/n/9 -- variant calling can be parallelized by creating a separate
 []


Underfull \hbox (badness 2277) in paragraph at lines 52--54
\OT1/ptm/m/n/9 utility (Tange, 2011). It is important to note that a multi-
 []


Underfull \hbox (badness 3965) in paragraph at lines 52--54
\OT1/ptm/m/n/9 splitting the dataset and using multi-node parallelization is
 []


Underfull \hbox (badness 2469) in paragraph at lines 52--54
\OT1/ptm/m/n/9 Interface (MPI) (http://www.mcs.anl.gov/research/projects/mpi/).

 []


Underfull \hbox (badness 4441) in paragraph at lines 52--54
\OT1/ptm/m/n/9 is a non-trivial task since thread synchronization (or load
 []


Underfull \hbox (badness 4454) in paragraph at lines 52--54
\OT1/ptm/m/n/9 balancing) has to be woven into the software code, and
 []

LaTeX Font Info:    Font shape `OT1/ptm/bx/n' in size <8> not available
(Font)              Font shape `OT1/ptm/b/n' tried instead on input line 58.

Underfull \hbox (badness 2142) in paragraph at lines 81--84
[]\OT1/ptm/m/n/9 The Map-Reduce (MR) programming paradigm (Dean and
 []


Underfull \vbox (badness 10000) has occurred while \output is active []

LaTeX Font Info:    Try loading font information for OMS+phv on input line 84.

(/usr/local/texlive/2013/texmf-dist/tex/latex/psnfss/omsphv.fd
File: omsphv.fd 
)
LaTeX Font Info:    Font shape `OMS/phv/m/n' in size <7> not available
(Font)              Font shape `OMS/cmsy/m/n' tried instead on input line 84.
 [1

{/usr/local/texlive/2013/texmf-var/fonts/map/pdftex/updmap/pdftex.map}


]
Underfull \vbox (badness 10000) has occurred while \output is active []


<figures/fig1-sep.png, id=18, 656.4525pt x 405.515pt>
File: figures/fig1-sep.png Graphic file (type png)

<use figures/fig1-sep.png>
Package pdftex.def Info: figures/fig1-sep.png used on input line 127.
(pdftex.def)             Requested size: 241.91785pt x 149.44417pt.

<figures/fig2-sep.png, id=19, 801.99625pt x 491.8375pt>
File: figures/fig2-sep.png Graphic file (type png)

<use figures/fig2-sep.png>
Package pdftex.def Info: figures/fig2-sep.png used on input line 132.
(pdftex.def)             Requested size: 241.91785pt x 148.3554pt.
LaTeX Font Info:    Font shape `OT1/ptm/bx/n' in size <9> not available
(Font)              Font shape `OT1/ptm/b/n' tried instead on input line 147.

Underfull \hbox (badness 1028) in paragraph at lines 152--153
\OT1/ptm/m/n/8 2009b), followed by sorting the aligned reads and SNP calling wi
th
 []

LaTeX Font Info:    Try loading font information for OT1+pcr on input line 159.

(/usr/local/texlive/2013/texmf-dist/tex/latex/psnfss/ot1pcr.fd
File: ot1pcr.fd 2001/06/04 font definitions for OT1/pcr.
)
Underfull \hbox (badness 1383) in paragraph at lines 155--161
\OT1/ptm/m/n/8 were copied to Hadoop's storage system (HDFS) before starting th
e
 []


Underfull \hbox (badness 2529) in paragraph at lines 155--161
\OT1/ptm/m/n/8 does not scale well to large datasets (it is not implemented as 
a
 []


Underfull \hbox (badness 1546) in paragraph at lines 155--161
\OT1/ptm/m/n/8 experiments. To overcome this bottleneck we substituted Crossbow
's
 []


Underfull \hbox (badness 1259) in paragraph at lines 209--217
\OT1/ptm/m/n/8 great flexibility in delivering the data to the Hadoop cluster; 
it can
 []

LaTeX Font Info:    Font shape `OT1/phv/bx/it' in size <8> not available
(Font)              Font shape `OT1/phv/b/it' tried instead on input line 217.
LaTeX Font Info:    Font shape `OT1/phv/b/it' in size <8> not available
(Font)              Font shape `OT1/phv/b/sl' tried instead on input line 217.

Overfull \hbox (261.0pt too wide) has occurred while \output is active
[][] 
 []


Overfull \vbox (1.0pt too high) has occurred while \output is active []


Overfull \hbox (261.0pt too wide) has occurred while \output is active
[][] 
 []

[2]
Underfull \hbox (badness 2772) in paragraph at lines 234--242
\OT1/ptm/m/n/8 cloud manager. The cluster was configured with Cloudera Hadoop
 []


Overfull \hbox (261.0pt too wide) has occurred while \output is active
[][] 
 []


Overfull \vbox (1.0pt too high) has occurred while \output is active []

 [3 <./figures/fig1-sep.png> <./figures/fig2-sep.png>]
Underfull \vbox (badness 10000) has occurred while \output is active []


(./figures/fig9/fig3.tex
Package epstopdf Info: Source file: <./figures/fig9/fig3.eps>
(epstopdf)                    date: 2014-03-16 22:17:59
(epstopdf)                    size: 19717 bytes
(epstopdf)             Output file: <./figures/fig9/fig3-eps-converted-to.pdf>
(epstopdf)                    date: 2014-03-16 22:17:59
(epstopdf)                    size: 6131 bytes
(epstopdf)             Command: <epstopdf --outfile=./figures/fig9/fig3-eps-con
verted-to.pdf ./figures/fig9/fig3.eps>
(epstopdf)             \includegraphics on input line 112.
Package epstopdf Info: Output file is already uptodate.

<./figures/fig9/fig3-eps-converted-to.pdf, id=29, 426.59375pt x 284.06125pt>
File: ./figures/fig9/fig3-eps-converted-to.pdf Graphic file (type pdf)

<use ./figures/fig9/fig3-eps-converted-to.pdf>
Package pdftex.def Info: ./figures/fig9/fig3-eps-converted-to.pdf used on input
 line 112.
(pdftex.def)             Requested size: 426.5927pt x 284.06053pt.
)
Underfull \vbox (badness 10000) has occurred while \output is active []


Overfull \hbox (261.0pt too wide) has occurred while \output is active
[][] 
 []


Overfull \vbox (1.0pt too high) has occurred while \output is active []


Overfull \hbox (261.0pt too wide) has occurred while \output is active
[][] 
 []

[4]
Underfull \vbox (badness 10000) has occurred while \output is active []


Underfull \hbox (badness 1584) in paragraph at lines 518--527
\OT1/ptm/m/n/9 The network communication model for Hadoop has a major
 []


Underfull \hbox (badness 1102) in paragraph at lines 518--527
\OT1/ptm/m/n/9 pairs are independent of each other and thus can be aligned
 []


Underfull \vbox (badness 10000) has occurred while \output is active []


Overfull \hbox (261.0pt too wide) has occurred while \output is active
[][] 
 []


Overfull \vbox (1.0pt too high) has occurred while \output is active []

 [5 <./figures/fig9/fig3-eps-converted-to.pdf>]
Overfull \hbox (3.77693pt too wide) in paragraph at lines 528--543
\OT1/ptm/m/n/9 (http://bmi.osu.edu/hpc/software/pmap/pmap.html) and almost line
ar
 []


Underfull \hbox (badness 3989) in paragraph at lines 528--543
\OT1/ptm/m/n/9 (Bozdag \OT1/ptm/m/it/9 et al.\OT1/ptm/m/n/9 , 2010). We noted h
owever that the Pmap
 []


Underfull \vbox (badness 10000) has occurred while \output is active []


Underfull \hbox (badness 7256) in paragraph at lines 548--549
[]\OT1/ptm/m/it/9 Hadoop results (filled circles in Figure 2[])\OT1/ptm/m/n/9 :
 The ratio
 []

<./figures/fig5/a.png, id=40, 298.11375pt x 273.02pt>
File: ./figures/fig5/a.png Graphic file (type png)

<use ./figures/fig5/a.png>
Package pdftex.def Info: ./figures/fig5/a.png used on input line 560.
(pdftex.def)             Requested size: 201.59692pt x 184.62631pt.

<./figures/fig5/c.png, id=42, 488.82625pt x 500.87125pt>
File: ./figures/fig5/c.png Graphic file (type png)

<use ./figures/fig5/c.png>
Package pdftex.def Info: ./figures/fig5/c.png used on input line 565.
(pdftex.def)             Requested size: 181.4403pt x 185.91557pt.

Underfull \vbox (badness 10000) has occurred while \output is active []


Overfull \hbox (261.0pt too wide) has occurred while \output is active
[][] 
 []


Overfull \vbox (1.0pt too high) has occurred while \output is active []


Overfull \hbox (261.0pt too wide) has occurred while \output is active
[][] 
 []

[6]
Underfull \hbox (badness 2538) in paragraph at lines 620--632
\OT1/ptm/m/n/9 In this report we have described two approaches for high-
 []


Underfull \hbox (badness 1412) in paragraph at lines 620--632
\OT1/ptm/m/n/9 depth of about $\OT1/cmr/m/n/9 30\OML/cmm/m/it/9 x$\OT1/ptm/m/n/
9 , we consider Hadoop not only to be a
 []


Underfull \hbox (badness 1067) in paragraph at lines 620--632
\OT1/ptm/m/n/9 attached parallel storage commonly used in the HPC centers.
 []


Overfull \hbox (261.0pt too wide) has occurred while \output is active
[][] 
 []


Overfull \vbox (1.0pt too high) has occurred while \output is active []

 [7 <./figures/fig5/a.png> <./figures/fig5/c.png>]
Underfull \hbox (badness 1596) in paragraph at lines 656--657
\OT1/ptm/m/n/9 Multidisciplinary Center for Advanced Computational Science
 []


Underfull \hbox (badness 1527) in paragraph at lines 656--657
\OT1/ptm/m/n/9 (SNIC-UPPMAX) [p2013023]; the Swedish strategic research
 []


Overfull \hbox (0.3126pt too wide) in paragraph at lines 656--657
\OT1/ptm/m/n/9 programme eSSENCE; and COST Action BM1006 Next Generation
 []


Underfull \hbox (badness 1484) in paragraph at lines 656--657
\OT1/ptm/m/n/9 Sequencing Data Analysis Network SeqAhead. Part of L.P.'s
 []


Underfull \hbox (badness 10000) in paragraph at lines 656--657

 []

(./document.bbl
LaTeX Font Info:    Font shape `OT1/ptm/bx/n' in size <7> not available
(Font)              Font shape `OT1/ptm/b/n' tried instead on input line 8.

Underfull \hbox (badness 1412) in paragraph at lines 19--24
[]\OT1/ptm/m/n/7 Clement, N. L., Snell, Q., Clement, M. J., Hollenhorst, P. C.,
 Purwar, J.,
 []

)
Underfull \vbox (badness 10000) has occurred while \output is active []

Extra height:11.51544pt when 476.37894pt

Underfull \vbox (badness 10000) has occurred while \output is active []

Extra height:11.51544pt when 477.37894pt

Underfull \vbox (badness 10000) has occurred while \output is active []

Extra height:11.51544pt when 478.37894pt

Underfull \vbox (badness 10000) has occurred while \output is active []

Extra height:11.51544pt when 479.37894pt

Underfull \vbox (badness 10000) has occurred while \output is active []

Extra height:0.0pt when 480.37894pt
(2)Left:480.37894pt Right:481.75787pt Output:480.37894pt
(2)Left:481.75787pt Right:472.75787pt Output:481.75787pt
- LAST -
Extra skip:0.0pt
Left:481.75787pt
Right:472.75787pt
Output:481.75787pt

Underfull \vbox (badness 10000) has occurred while \output is active []


Overfull \hbox (261.0pt too wide) has occurred while \output is active
[][] 
 []


Overfull \vbox (1.0pt too high) has occurred while \output is active []


Overfull \hbox (261.0pt too wide) has occurred while \output is active
[][] 
 []

[8] (./document.aux)

LaTeX Font Warning: Size substitutions with differences
(Font)              up to 1.0pt have occurred.

 ) 
Here is how much of TeX's memory you used:
 4490 strings out of 493315
 63502 string characters out of 6137905
 149295 words of memory out of 5000000
 7804 multiletter control sequences out of 15000+600000
 52785 words of font info for 107 fonts, out of 8000000 for 9000
 961 hyphenation exceptions out of 8191
 42i,11n,40p,1157b,516s stack positions out of 5000i,500n,10000p,200000b,80000s
{/usr/local/texlive/2013/texmf-dist/fonts/enc/dvips/base/8r.enc}</usr/local/t
exlive/2013/texmf-dist/fonts/type1/public/amsfonts/cm/cmmi5.pfb></usr/local/tex
live/2013/texmf-dist/fonts/type1/public/amsfonts/cm/cmmi6.pfb></usr/local/texli
ve/2013/texmf-dist/fonts/type1/public/amsfonts/cm/cmmi8.pfb></usr/local/texlive
/2013/texmf-dist/fonts/type1/public/amsfonts/cm/cmmi9.pfb></usr/local/texlive/2
013/texmf-dist/fonts/type1/public/amsfonts/cm/cmr7.pfb></usr/local/texlive/2013
/texmf-dist/fonts/type1/public/amsfonts/cm/cmr8.pfb></usr/local/texlive/2013/te
xmf-dist/fonts/type1/public/amsfonts/cm/cmr9.pfb></usr/local/texlive/2013/texmf
-dist/fonts/type1/public/amsfonts/cm/cmsy6.pfb></usr/local/texlive/2013/texmf-d
ist/fonts/type1/public/amsfonts/cm/cmsy7.pfb></usr/local/texlive/2013/texmf-dis
t/fonts/type1/public/amsfonts/cm/cmsy9.pfb></usr/local/texlive/2013/texmf-dist/
fonts/type1/urw/courier/ucrr8a.pfb></usr/local/texlive/2013/texmf-dist/fonts/ty
pe1/urw/helvetic/uhvb8a.pfb></usr/local/texlive/2013/texmf-dist/fonts/type1/urw
/helvetic/uhvbo8a.pfb></usr/local/texlive/2013/texmf-dist/fonts/type1/urw/helve
tic/uhvr8a.pfb></usr/local/texlive/2013/texmf-dist/fonts/type1/urw/helvetic/uhv
ro8a.pfb></usr/local/texlive/2013/texmf-dist/fonts/type1/urw/times/utmb8a.pfb><
/usr/local/texlive/2013/texmf-dist/fonts/type1/urw/times/utmr8a.pfb></usr/local
/texlive/2013/texmf-dist/fonts/type1/urw/times/utmri8a.pfb>
Output written on document.pdf (8 pages, 449282 bytes).
PDF statistics:
 114 PDF objects out of 1000 (max. 8388607)
 78 compressed objects within 1 object stream
 0 named destinations out of 1000 (max. 500000)
 26 words of extra memory for PDF output out of 10000 (max. 10000000)

